Android/Smart-Light-Android/app/build/intermediates/manifest_merge_blame_file/debug/manifest-merger-blame-debug-report.txt
1<?xml version="1.0" encoding="utf-8"?>
2<manifest xmlns:android="http://schemas.android.com/apk/res/android"
3    package="com.cubanstudio.smartlight"
4    android:versionCode="1"
5    android:versionName="1.0" >
6
7    <uses-sdk
8        android:minSdkVersion="23"
8-->src\main\AndroidManifest.xml
9        android:targetSdkVersion="29" />
9-->src\main\AndroidManifest.xml
10
11    <uses-permission android:name="android.permission.ACCESS_FINE_LOCATION" />
11-->src\main\AndroidManifest.xml:5:5-79
11-->src\main\AndroidManifest.xml:5:22-76
12    <uses-permission android:name="android.permission.ACCESS_COARSE_LOCATION" />
12-->src\main\AndroidManifest.xml:6:5-81
12-->src\main\AndroidManifest.xml:6:22-78
13    <uses-permission android:name="android.permission.ACCESS_WIFI_STATE" />
13-->src\main\AndroidManifest.xml:7:5-75
13-->src\main\AndroidManifest.xml:7:22-73
14    <uses-permission android:name="android.permission.CHANGE_WIFI_STATE" />
14-->src\main\AndroidManifest.xml:8:5-75
14-->src\main\AndroidManifest.xml:8:22-73
15    <uses-permission android:name="android.permission.BLUETOOTH" />
15-->src\main\AndroidManifest.xml:9:5-67
15-->src\main\AndroidManifest.xml:9:22-65
16    <uses-permission android:name="android.permission.BLUETOOTH_ADMIN" />
16-->src\main\AndroidManifest.xml:10:5-73
16-->src\main\AndroidManifest.xml:10:22-71
17    <uses-permission android:name="android.permission.INTERNET" />
17-->src\main\AndroidManifest.xml:11:5-66
17-->src\main\AndroidManifest.xml:11:22-64
18    <uses-permission android:name="android.permission.ACCESS_NETWORK_STATE" />
18-->src\main\AndroidManifest.xml:12:5-79
18-->src\main\AndroidManifest.xml:12:22-76
19    <uses-permission android:name="android.permission.CHANGE_NETWORK_STATE" />
19-->src\main\AndroidManifest.xml:13:1-74
19-->src\main\AndroidManifest.xml:13:18-72
20    <uses-permission android:name="android.permission.WAKE_LOCK" />
20-->[com.google.android.gms:play-services-measurement:17.3.0] AndroidManifest.xml:25:5-68
20-->[com.google.android.gms:play-services-measurement:17.3.0] AndroidManifest.xml:25:22-65
21    <uses-permission android:name="com.google.android.finsky.permission.BIND_GET_INSTALL_REFERRER_SERVICE" /> <!-- Required by older versions of Google Play services to create IID tokens -->
21-->[com.google.android.gms:play-services-measurement:17.3.0] AndroidManifest.xml:26:5-110
21-->[com.google.android.gms:play-services-measurement:17.3.0] AndroidManifest.xml:26:22-107
22    <uses-permission android:name="com.google.android.c2dm.permission.RECEIVE" />
22-->[com.google.firebase:firebase-iid:20.0.2] AndroidManifest.xml:26:5-82
22-->[com.google.firebase:firebase-iid:20.0.2] AndroidManifest.xml:26:22-79
23
24    <application
24-->src\main\AndroidManifest.xml:16:5-57:19
25        android:allowBackup="true"
25-->src\main\AndroidManifest.xml:18:9-35
26        android:appComponentFactory="androidx.core.app.CoreComponentFactory"
26-->[androidx.core:core:1.3.0-rc01] AndroidManifest.xml:24:18-86
27        android:debuggable="true"
28        android:extractNativeLibs="false"
29        android:hardwareAccelerated="true"
29-->src\main\AndroidManifest.xml:17:9-43
30        android:icon="@mipmap/ic_launcher"
30-->src\main\AndroidManifest.xml:19:9-43
31        android:label="@string/app_name"
31-->src\main\AndroidManifest.xml:21:9-41
32        android:roundIcon="@mipmap/ic_launcher_round"
32-->src\main\AndroidManifest.xml:22:9-54
33        android:supportsRtl="true"
33-->src\main\AndroidManifest.xml:23:9-35
34        android:theme="@style/Base.Theme"
34-->src\main\AndroidManifest.xml:24:9-42
35        android:usesCleartextTraffic="true" >
35-->src\main\AndroidManifest.xml:25:9-44
36        <activity
36-->src\main\AndroidManifest.xml:26:9-48:20
37            android:name="com.cubanstudio.smartlight.MainActivity"
37-->src\main\AndroidManifest.xml:26:19-47
38            android:screenOrientation="portrait"
38-->src\main\AndroidManifest.xml:27:13-49
39            android:theme="@style/Base.Theme" >
39-->src\main\AndroidManifest.xml:28:13-46
40            <intent-filter>
40-->src\main\AndroidManifest.xml:29:13-33:29
41                <action android:name="android.intent.action.MAIN" />
41-->src\main\AndroidManifest.xml:30:17-69
41-->src\main\AndroidManifest.xml:30:25-66
42
43                <category android:name="android.intent.category.LAUNCHER" />
43-->src\main\AndroidManifest.xml:32:17-77
43-->src\main\AndroidManifest.xml:32:27-74
44            </intent-filter>
45            <intent-filter android:autoVerify="true" >
45-->src\main\AndroidManifest.xml:35:13-47:29
45-->src\main\AndroidManifest.xml:36:17-42
46                <action android:name="android.intent.action.VIEW" />
46-->src\main\AndroidManifest.xml:39:13-65
46-->src\main\AndroidManifest.xml:39:21-62
47
48                <category android:name="android.intent.category.DEFAULT" />
48-->src\main\AndroidManifest.xml:41:13-72
48-->src\main\AndroidManifest.xml:41:23-69
49                <category android:name="android.intent.category.BROWSABLE" />
49-->src\main\AndroidManifest.xml:42:13-74
49-->src\main\AndroidManifest.xml:42:23-71
50
51                <data
51-->src\main\AndroidManifest.xml:44:13-46:42
52                    android:host="svetylka.page.link"
52-->src\main\AndroidManifest.xml:45:17-50
53                    android:scheme="https" />
53-->src\main\AndroidManifest.xml:46:17-39
54            </intent-filter>
55        </activity>
56
57        <meta-data
57-->src\main\AndroidManifest.xml:49:9-52:57
58            android:name="preloaded_fonts"
58-->src\main\AndroidManifest.xml:51:13-43
59            android:resource="@array/preloaded_fonts" />
59-->src\main\AndroidManifest.xml:52:13-54
60        <meta-data
60-->src\main\AndroidManifest.xml:53:9-96
61            android:name="com.google.android.actions"
61-->src\main\AndroidManifest.xml:53:20-61
62            android:resource="@xml/actions" />
62-->src\main\AndroidManifest.xml:53:62-93
63        <meta-data
63-->src\main\AndroidManifest.xml:53:9-96
64            android:name="com.google.android.actions"
64-->src\main\AndroidManifest.xml:53:20-61
65            android:resource="@xml/actions" />
65-->src\main\AndroidManifest.xml:53:62-93
66
67        <receiver
67-->[com.google.android.gms:play-services-measurement:17.3.0] AndroidManifest.xml:29:9-33:20
68            android:name="com.google.android.gms.measurement.AppMeasurementReceiver"
68-->[com.google.android.gms:play-services-measurement:17.3.0] AndroidManifest.xml:30:13-85
69            android:enabled="true"
69-->[com.google.android.gms:play-services-measurement:17.3.0] AndroidManifest.xml:31:13-35
70            android:exported="false" >
70-->[com.google.android.gms:play-services-measurement:17.3.0] AndroidManifest.xml:32:13-37
71        </receiver>
72        <receiver
72-->[com.google.android.gms:play-services-measurement:17.3.0] AndroidManifest.xml:34:9-42:20
73            android:name="com.google.android.gms.measurement.AppMeasurementInstallReferrerReceiver"
73-->[com.google.android.gms:play-services-measurement:17.3.0] AndroidManifest.xml:35:13-100
74            android:enabled="true"
74-->[com.google.android.gms:play-services-measurement:17.3.0] AndroidManifest.xml:36:13-35
75            android:exported="true"
75-->[com.google.android.gms:play-services-measurement:17.3.0] AndroidManifest.xml:37:13-36
76            android:permission="android.permission.INSTALL_PACKAGES" >
76-->[com.google.android.gms:play-services-measurement:17.3.0] AndroidManifest.xml:38:13-69
77            <intent-filter>
77-->[com.google.android.gms:play-services-measurement:17.3.0] AndroidManifest.xml:39:13-41:29
78                <action android:name="com.android.vending.INSTALL_REFERRER" />
78-->[com.google.android.gms:play-services-measurement:17.3.0] AndroidManifest.xml:40:17-79
78-->[com.google.android.gms:play-services-measurement:17.3.0] AndroidManifest.xml:40:25-76
79            </intent-filter>
80        </receiver>
81
82        <service
82-->[com.google.android.gms:play-services-measurement:17.3.0] AndroidManifest.xml:44:9-47:40
83            android:name="com.google.android.gms.measurement.AppMeasurementService"
83-->[com.google.android.gms:play-services-measurement:17.3.0] AndroidManifest.xml:45:13-84
84            android:enabled="true"
84-->[com.google.android.gms:play-services-measurement:17.3.0] AndroidManifest.xml:46:13-35
85            android:exported="false" />
85-->[com.google.android.gms:play-services-measurement:17.3.0] AndroidManifest.xml:47:13-37
86        <service
86-->[com.google.android.gms:play-services-measurement:17.3.0] AndroidManifest.xml:48:9-52:72
87            android:name="com.google.android.gms.measurement.AppMeasurementJobService"
87-->[com.google.android.gms:play-services-measurement:17.3.0] AndroidManifest.xml:49:13-87
88            android:enabled="true"
88-->[com.google.android.gms:play-services-measurement:17.3.0] AndroidManifest.xml:50:13-35
89            android:exported="false"
89-->[com.google.android.gms:play-services-measurement:17.3.0] AndroidManifest.xml:51:13-37
90            android:permission="android.permission.BIND_JOB_SERVICE" />
90-->[com.google.android.gms:play-services-measurement:17.3.0] AndroidManifest.xml:52:13-69
91        <service
91-->[com.google.android.gms:play-services-measurement-api:17.3.0] AndroidManifest.xml:27:9-33:19
92            android:name="com.google.firebase.components.ComponentDiscoveryService"
92-->[com.google.android.gms:play-services-measurement-api:17.3.0] AndroidManifest.xml:28:13-84
93            android:directBootAware="true"
93-->[com.google.firebase:firebase-common:19.3.0] AndroidManifest.xml:34:13-43
94            android:exported="false" >
94-->[com.google.android.gms:play-services-measurement-api:17.3.0] AndroidManifest.xml:29:13-37
95            <meta-data
95-->[com.google.android.gms:play-services-measurement-api:17.3.0] AndroidManifest.xml:30:13-32:85
96                android:name="com.google.firebase.components:com.google.firebase.analytics.connector.internal.AnalyticsConnectorRegistrar"
96-->[com.google.android.gms:play-services-measurement-api:17.3.0] AndroidManifest.xml:31:17-139
97                android:value="com.google.firebase.components.ComponentRegistrar" />
97-->[com.google.android.gms:play-services-measurement-api:17.3.0] AndroidManifest.xml:32:17-82
98            <meta-data
98-->[com.google.firebase:firebase-iid:20.0.2] AndroidManifest.xml:32:13-34:85
99                android:name="com.google.firebase.components:com.google.firebase.iid.Registrar"
99-->[com.google.firebase:firebase-iid:20.0.2] AndroidManifest.xml:33:17-96
100                android:value="com.google.firebase.components.ComponentRegistrar" />
100-->[com.google.firebase:firebase-iid:20.0.2] AndroidManifest.xml:34:17-82
101        </service>
102
103        <receiver
103-->[com.google.firebase:firebase-iid:20.0.2] AndroidManifest.xml:37:9-44:20
104            android:name="com.google.firebase.iid.FirebaseInstanceIdReceiver"
104-->[com.google.firebase:firebase-iid:20.0.2] AndroidManifest.xml:38:13-78
105            android:exported="true"
105-->[com.google.firebase:firebase-iid:20.0.2] AndroidManifest.xml:39:13-36
106            android:permission="com.google.android.c2dm.permission.SEND" >
106-->[com.google.firebase:firebase-iid:20.0.2] AndroidManifest.xml:40:13-73
107            <intent-filter>
107-->[com.google.firebase:firebase-iid:20.0.2] AndroidManifest.xml:41:13-43:29
108                <action android:name="com.google.android.c2dm.intent.RECEIVE" />
108-->[com.google.firebase:firebase-iid:20.0.2] AndroidManifest.xml:42:17-81
108-->[com.google.firebase:firebase-iid:20.0.2] AndroidManifest.xml:42:25-78
109            </intent-filter>
110        </receiver>
111
112        <provider
112-->[com.google.firebase:firebase-common:19.3.0] AndroidManifest.xml:26:9-30:39
113            android:name="com.google.firebase.provider.FirebaseInitProvider"
113-->[com.google.firebase:firebase-common:19.3.0] AndroidManifest.xml:27:13-77
114            android:authorities="com.cubanstudio.smartlight.firebaseinitprovider"
114-->[com.google.firebase:firebase-common:19.3.0] AndroidManifest.xml:28:13-72
115            android:exported="false"
115-->[com.google.firebase:firebase-common:19.3.0] AndroidManifest.xml:29:13-37
116            android:initOrder="100" />
116-->[com.google.firebase:firebase-common:19.3.0] AndroidManifest.xml:30:13-36
117
118        <activity
118-->[com.google.android.gms:play-services-base:17.0.0] AndroidManifest.xml:23:9-26:75
119            android:name="com.google.android.gms.common.api.GoogleApiActivity"
119-->[com.google.android.gms:play-services-base:17.0.0] AndroidManifest.xml:24:13-79
120            android:exported="false"
120-->[com.google.android.gms:play-services-base:17.0.0] AndroidManifest.xml:25:13-37
121            android:theme="@android:style/Theme.Translucent.NoTitleBar" />
121-->[com.google.android.gms:play-services-base:17.0.0] AndroidManifest.xml:26:13-72
122
123        <meta-data
123-->[com.google.android.gms:play-services-basement:17.0.0] AndroidManifest.xml:23:9-25:69
124            android:name="com.google.android.gms.version"
124-->[com.google.android.gms:play-services-basement:17.0.0] AndroidManifest.xml:24:13-58
125            android:value="@integer/google_play_services_version" />
125-->[com.google.android.gms:play-services-basement:17.0.0] AndroidManifest.xml:25:13-66
126    </application>
127
128</manifest>